﻿﻿﻿Fri, 05 Jun 2015 14:00:02 +0300 Все записи из списка уже добавлены

﻿﻿﻿Fri, 05 Jun 2015 15:00:02 +0300 Все записи из списка уже добавлены

﻿﻿﻿Fri, 05 Jun 2015 16:00:02 +0300 Все записи из списка уже добавлены

﻿﻿﻿Fri, 05 Jun 2015 17:00:02 +0300 Все записи из списка уже добавлены

﻿﻿﻿Fri, 05 Jun 2015 18:00:02 +0300 Все записи из списка уже добавлены

﻿﻿﻿Fri, 05 Jun 2015 19:00:03 +0300 Все записи из списка уже добавлены

﻿﻿﻿Fri, 05 Jun 2015 20:00:04 +0300 UyBqD1re17A запись успешно добавлена.
﻿﻿﻿Fri, 05 Jun 2015 21:00:03 +0300 _-f-emIoIEI запись успешно добавлена.
﻿﻿﻿Fri, 05 Jun 2015 22:00:03 +0300 xQZLQ65A1wk запись успешно добавлена.
﻿﻿﻿Fri, 05 Jun 2015 23:00:03 +0300 xippxkvxW0I запись успешно добавлена.
﻿﻿﻿Sat, 06 Jun 2015 00:00:03 +0300 LrazoO543tA запись успешно добавлена.
﻿﻿﻿Sat, 06 Jun 2015 01:00:03 +0300 -WEuvsurfzc запись успешно добавлена.
﻿﻿﻿Sat, 06 Jun 2015 02:00:04 +0300 BBr2B9jVt6Q запись успешно добавлена.
﻿﻿﻿Sat, 06 Jun 2015 03:00:03 +0300 J9hBXvOoS5s запись успешно добавлена.
﻿﻿﻿Sat, 06 Jun 2015 04:00:02 +0300 Все записи из списка уже добавлены

﻿﻿﻿Sat, 06 Jun 2015 05:00:03 +0300 g1xPM9Ixz5g запись успешно добавлена.
﻿﻿﻿Sat, 06 Jun 2015 06:00:03 +0300 BR4kWdS1-vQ запись успешно добавлена.
﻿﻿﻿Sat, 06 Jun 2015 07:00:03 +0300 xa-Fxme6Qys запись успешно добавлена.
﻿﻿﻿Sat, 06 Jun 2015 08:00:02 +0300 Все записи из списка уже добавлены

﻿﻿﻿Sat, 06 Jun 2015 09:00:02 +0300 Все записи из списка уже добавлены

﻿﻿﻿Sat, 06 Jun 2015 10:00:02 +0300 Все записи из списка уже добавлены

﻿﻿﻿Sat, 06 Jun 2015 11:00:02 +0300 Все записи из списка уже добавлены

﻿﻿﻿Sat, 06 Jun 2015 12:00:02 +0300 Все записи из списка уже добавлены

﻿﻿﻿Sat, 06 Jun 2015 13:00:02 +0300 Все записи из списка уже добавлены

﻿﻿﻿Sat, 06 Jun 2015 14:00:02 +0300 Все записи из списка уже добавлены

﻿﻿﻿Sat, 06 Jun 2015 15:00:02 +0300 Все записи из списка уже добавлены

﻿﻿﻿Sat, 06 Jun 2015 16:00:02 +0300 Все записи из списка уже добавлены

﻿﻿﻿Sat, 06 Jun 2015 17:00:02 +0300 Все записи из списка уже добавлены

﻿﻿﻿Sat, 06 Jun 2015 18:00:02 +0300 Все записи из списка уже добавлены

﻿﻿﻿Sat, 06 Jun 2015 19:00:03 +0300 1u411LvhSs0 запись успешно добавлена.
﻿﻿﻿Sat, 06 Jun 2015 20:00:03 +0300 XMjuYpVf1W8 запись успешно добавлена.
﻿﻿﻿Sat, 06 Jun 2015 21:00:03 +0300 gXxvS7_2JSA запись успешно добавлена.
﻿﻿﻿Sat, 06 Jun 2015 22:00:03 +0300 Wz9jx_sPvQY запись успешно добавлена.
﻿﻿﻿Sat, 06 Jun 2015 23:00:03 +0300 K6v_R1vJvws запись успешно добавлена.
﻿﻿﻿Sun, 07 Jun 2015 00:00:03 +0300 K8Fb4ute_14 запись успешно добавлена.
﻿﻿﻿Sun, 07 Jun 2015 01:00:03 +0300 nb-6BYpe-c4 запись успешно добавлена.
﻿﻿﻿Sun, 07 Jun 2015 02:00:03 +0300 aU1WERT3C98 запись успешно добавлена.
﻿﻿﻿Sun, 07 Jun 2015 03:00:03 +0300 72xWBu-h020 запись успешно добавлена.
﻿﻿﻿Sun, 07 Jun 2015 04:00:02 +0300 GcM6tw_pcQc запись успешно добавлена.
﻿﻿﻿Sun, 07 Jun 2015 05:00:03 +0300 DX5-yUWrVw0 запись успешно добавлена.
﻿﻿﻿Sun, 07 Jun 2015 06:00:03 +0300 KGc9wb2gBRw запись успешно добавлена.
﻿﻿﻿Sun, 07 Jun 2015 07:00:03 +0300 -KGmHu3Wx9M запись успешно добавлена.
﻿﻿﻿Sun, 07 Jun 2015 08:00:02 +0300 Все записи из списка уже добавлены

﻿﻿﻿Sun, 07 Jun 2015 09:00:01 +0300 Все записи из списка уже добавлены

﻿﻿﻿Sun, 07 Jun 2015 10:00:02 +0300 Все записи из списка уже добавлены

﻿﻿﻿Sun, 07 Jun 2015 11:00:02 +0300 Все записи из списка уже добавлены

﻿﻿﻿Sun, 07 Jun 2015 12:00:02 +0300 Все записи из списка уже добавлены

﻿﻿﻿Sun, 07 Jun 2015 13:00:02 +0300 Все записи из списка уже добавлены

﻿﻿﻿Sun, 07 Jun 2015 14:00:02 +0300 Все записи из списка уже добавлены

﻿﻿﻿Sun, 07 Jun 2015 15:00:02 +0300 Все записи из списка уже добавлены

﻿﻿﻿Sun, 07 Jun 2015 16:00:03 +0300 Все записи из списка уже добавлены

﻿﻿﻿Sun, 07 Jun 2015 17:00:02 +0300 Все записи из списка уже добавлены

﻿﻿﻿Sun, 07 Jun 2015 18:00:02 +0300 Все записи из списка уже добавлены

﻿﻿﻿Sun, 07 Jun 2015 19:00:03 +0300 hjqWPTXgZ6M запись успешно добавлена.
﻿﻿﻿Sun, 07 Jun 2015 20:00:03 +0300 Ze1T1mDT2D4 запись успешно добавлена.
﻿﻿﻿Sun, 07 Jun 2015 21:00:02 +0300 Все записи из списка уже добавлены

﻿﻿﻿Sun, 07 Jun 2015 22:00:02 +0300 Все записи из списка уже добавлены

﻿﻿﻿Sun, 07 Jun 2015 23:00:03 +0300 y7FRwgjeEYY запись успешно добавлена.
﻿﻿﻿Mon, 08 Jun 2015 00:00:03 +0300 -rGO7RAd2sQ запись успешно добавлена.
﻿﻿﻿Mon, 08 Jun 2015 01:00:02 +0300 Все записи из списка уже добавлены

﻿﻿﻿Mon, 08 Jun 2015 02:00:02 +0300 Все записи из списка уже добавлены

﻿﻿﻿Mon, 08 Jun 2015 03:00:03 +0300 8g-FN2nltvo запись успешно добавлена.
﻿﻿﻿Mon, 08 Jun 2015 04:00:03 +0300 Qsst9gb4psE запись успешно добавлена.
﻿﻿﻿Mon, 08 Jun 2015 05:00:03 +0300 b99kDur4x3I запись успешно добавлена.
﻿﻿﻿Mon, 08 Jun 2015 06:00:03 +0300 SCHdb2RuFm8 запись успешно добавлена.
﻿﻿﻿Mon, 08 Jun 2015 07:00:02 +0300 Все записи из списка уже добавлены

﻿﻿﻿Mon, 08 Jun 2015 08:00:02 +0300 Все записи из списка уже добавлены

﻿﻿﻿Mon, 08 Jun 2015 09:00:02 +0300 Все записи из списка уже добавлены

﻿﻿﻿Mon, 08 Jun 2015 10:00:02 +0300 Все записи из списка уже добавлены

﻿﻿﻿Mon, 08 Jun 2015 11:00:03 +0300 Все записи из списка уже добавлены

﻿﻿﻿Mon, 08 Jun 2015 12:00:02 +0300 Все записи из списка уже добавлены

﻿﻿﻿Mon, 08 Jun 2015 13:00:02 +0300 Все записи из списка уже добавлены

﻿﻿﻿Mon, 08 Jun 2015 14:00:02 +0300 Все записи из списка уже добавлены

﻿﻿﻿Mon, 08 Jun 2015 15:00:02 +0300 Все записи из списка уже добавлены

﻿﻿﻿Mon, 08 Jun 2015 16:00:02 +0300 Все записи из списка уже добавлены

﻿﻿﻿Mon, 08 Jun 2015 17:00:02 +0300 Все записи из списка уже добавлены

﻿﻿﻿Mon, 08 Jun 2015 18:00:02 +0300 Все записи из списка уже добавлены

﻿﻿﻿Mon, 08 Jun 2015 19:00:02 +0300 Все записи из списка уже добавлены

﻿﻿﻿Mon, 08 Jun 2015 20:00:03 +0300 6KiaEq8PXdA запись успешно добавлена.
﻿﻿﻿Mon, 08 Jun 2015 21:00:03 +0300 pYHj-OLV4R0 запись успешно добавлена.
﻿﻿﻿Mon, 08 Jun 2015 22:00:03 +0300 yC0Kwq2Tc1M запись успешно добавлена.
﻿﻿﻿Mon, 08 Jun 2015 23:00:03 +0300 _y5xFoK7wzw запись успешно добавлена.
﻿﻿﻿Tue, 09 Jun 2015 00:00:04 +0300 t905ul_ezCU запись успешно добавлена.
﻿﻿﻿Tue, 09 Jun 2015 01:00:03 +0300 pNA_lUm2yv8 запись успешно добавлена.
﻿﻿﻿Tue, 09 Jun 2015 02:00:03 +0300 InKUW8MzQ_4 запись успешно добавлена.
﻿﻿﻿Tue, 09 Jun 2015 03:00:03 +0300 EkGvWTn8uqA запись успешно добавлена.
﻿﻿﻿Tue, 09 Jun 2015 04:00:04 +0300 59ig79J9fMI запись успешно добавлена.
﻿﻿﻿Tue, 09 Jun 2015 05:00:03 +0300 c_0gb5hZlqA запись успешно добавлена.
﻿﻿﻿Tue, 09 Jun 2015 06:00:03 +0300 fue5WMUKAY0 запись успешно добавлена.
﻿﻿﻿Tue, 09 Jun 2015 07:00:03 +0300 4_sLTe6-7SE запись успешно добавлена.
﻿﻿﻿Tue, 09 Jun 2015 08:00:02 +0300 Все записи из списка уже добавлены

﻿﻿﻿Tue, 09 Jun 2015 09:00:01 +0300 Все записи из списка уже добавлены

﻿﻿﻿Tue, 09 Jun 2015 10:00:02 +0300 Все записи из списка уже добавлены

﻿﻿﻿Tue, 09 Jun 2015 11:00:03 +0300 Все записи из списка уже добавлены

﻿﻿﻿Tue, 09 Jun 2015 12:00:02 +0300 Все записи из списка уже добавлены

﻿﻿﻿Tue, 09 Jun 2015 13:00:02 +0300 Все записи из списка уже добавлены

﻿﻿﻿Tue, 09 Jun 2015 14:00:02 +0300 Все записи из списка уже добавлены

﻿﻿﻿Tue, 09 Jun 2015 15:00:02 +0300 Все записи из списка уже добавлены

﻿﻿﻿Tue, 09 Jun 2015 16:00:02 +0300 Все записи из списка уже добавлены

﻿﻿﻿Tue, 09 Jun 2015 17:00:02 +0300 Все записи из списка уже добавлены

﻿﻿﻿Tue, 09 Jun 2015 18:00:03 +0300 Все записи из списка уже добавлены

﻿﻿﻿Tue, 09 Jun 2015 19:00:02 +0300 Все записи из списка уже добавлены

﻿﻿﻿Tue, 09 Jun 2015 20:00:02 +0300 Все записи из списка уже добавлены

﻿﻿﻿Tue, 09 Jun 2015 21:00:03 +0300 01o0eG9a2Iw запись успешно добавлена.
﻿﻿﻿Tue, 09 Jun 2015 22:00:03 +0300 0ZZquVylLEo запись успешно добавлена.
﻿﻿﻿Tue, 09 Jun 2015 23:00:04 +0300 11VDu5f6K70 запись успешно добавлена.
﻿﻿﻿Wed, 10 Jun 2015 00:00:03 +0300 EM6U1Tg5DaM запись успешно добавлена.
﻿﻿﻿Wed, 10 Jun 2015 01:00:04 +0300 1cLOfn27ZRQ запись успешно добавлена.
﻿﻿﻿Wed, 10 Jun 2015 02:00:04 +0300 hwqK0-NXvMA запись успешно добавлена.
﻿﻿﻿Wed, 10 Jun 2015 03:00:04 +0300 3b5XxPKVDcQ запись успешно добавлена.
﻿﻿﻿Wed, 10 Jun 2015 04:00:03 +0300 Jt6pR_s3ra4 запись успешно добавлена.
﻿﻿﻿Wed, 10 Jun 2015 05:00:03 +0300 GEokzJiE0Fc запись успешно добавлена.
﻿﻿﻿Wed, 10 Jun 2015 06:00:03 +0300 Ya0ZlpKhtlg запись успешно добавлена.
﻿﻿﻿Wed, 10 Jun 2015 07:00:03 +0300 RbIPBPoyKHo запись успешно добавлена.
﻿﻿﻿Wed, 10 Jun 2015 08:00:03 +0300 gLQ3dOL79b8 запись успешно добавлена.
﻿﻿﻿Wed, 10 Jun 2015 09:00:03 +0300 HYj-pGvPBOA запись успешно добавлена.
﻿﻿﻿Wed, 10 Jun 2015 10:00:02 +0300 Все записи из списка уже добавлены

﻿﻿﻿Wed, 10 Jun 2015 11:00:02 +0300 Все записи из списка уже добавлены

﻿﻿﻿Wed, 10 Jun 2015 12:00:02 +0300 Все записи из списка уже добавлены

﻿﻿﻿Wed, 10 Jun 2015 13:00:02 +0300 Все записи из списка уже добавлены

﻿﻿﻿Wed, 10 Jun 2015 14:00:02 +0300 Все записи из списка уже добавлены

﻿﻿﻿Wed, 10 Jun 2015 15:00:02 +0300 Все записи из списка уже добавлены

﻿﻿﻿Wed, 10 Jun 2015 16:00:02 +0300 Все записи из списка уже добавлены

﻿﻿﻿Wed, 10 Jun 2015 17:00:02 +0300 Все записи из списка уже добавлены

﻿﻿﻿Wed, 10 Jun 2015 18:00:02 +0300 Все записи из списка уже добавлены

﻿﻿﻿Wed, 10 Jun 2015 19:00:03 +0300 Все записи из списка уже добавлены

﻿﻿﻿Wed, 10 Jun 2015 20:00:03 +0300 RAC9jZK87WA запись успешно добавлена.
﻿﻿﻿Wed, 10 Jun 2015 21:00:04 +0300 CELavfEJcBQ запись успешно добавлена.
﻿﻿﻿Wed, 10 Jun 2015 22:00:03 +0300 gCfZttowabI запись успешно добавлена.
﻿﻿﻿Wed, 10 Jun 2015 23:00:03 +0300 7-BtqV32G5E запись успешно добавлена.
﻿﻿﻿Thu, 11 Jun 2015 00:00:03 +0300 0doheCkMRtY запись успешно добавлена.
﻿﻿﻿Thu, 11 Jun 2015 01:00:03 +0300 iCXvIazYBEc запись успешно добавлена.
﻿﻿﻿Thu, 11 Jun 2015 02:00:03 +0300 CWSrp1RC8Rc запись успешно добавлена.
﻿﻿﻿Thu, 11 Jun 2015 03:00:04 +0300 nz4FXdxkIHU запись успешно добавлена.
﻿﻿﻿Thu, 11 Jun 2015 04:00:03 +0300 Все записи из списка уже добавлены

﻿﻿﻿Thu, 11 Jun 2015 05:00:02 +0300 yqtrog8M-bk запись успешно добавлена.
﻿﻿﻿Thu, 11 Jun 2015 06:00:03 +0300 AKp5qXSR1WA запись успешно добавлена.
﻿﻿﻿Thu, 11 Jun 2015 07:00:03 +0300 cqrKgfdsyc8 запись успешно добавлена.
﻿﻿﻿Thu, 11 Jun 2015 08:00:03 +0300 E4Kc8ttrJTE запись успешно добавлена.
﻿﻿﻿Thu, 11 Jun 2015 09:00:03 +0300 IcBSBx74KT4 запись успешно добавлена.
﻿﻿﻿Thu, 11 Jun 2015 10:00:02 +0300 Все записи из списка уже добавлены

﻿﻿﻿Thu, 11 Jun 2015 11:00:02 +0300 Все записи из списка уже добавлены

﻿﻿﻿Thu, 11 Jun 2015 12:00:02 +0300 Все записи из списка уже добавлены

﻿﻿﻿Thu, 11 Jun 2015 13:00:03 +0300 Все записи из списка уже добавлены

﻿﻿﻿Thu, 11 Jun 2015 14:00:02 +0300 Все записи из списка уже добавлены

﻿﻿﻿Thu, 11 Jun 2015 15:00:03 +0300 Все записи из списка уже добавлены

﻿﻿﻿Thu, 11 Jun 2015 16:00:03 +0300 Все записи из списка уже добавлены

﻿﻿﻿Thu, 11 Jun 2015 17:00:03 +0300 Все записи из списка уже добавлены

﻿﻿﻿Thu, 11 Jun 2015 18:00:03 +0300 Все записи из списка уже добавлены

﻿﻿﻿Thu, 11 Jun 2015 19:00:02 +0300 Все записи из списка уже добавлены

﻿﻿﻿Thu, 11 Jun 2015 20:00:03 +0300 b0S_HzF1LRU запись успешно добавлена.
﻿﻿﻿Thu, 11 Jun 2015 21:00:04 +0300 fRQ7KGRyX3s запись успешно добавлена.
﻿﻿﻿Thu, 11 Jun 2015 22:00:03 +0300 y9vto-eWPaY запись успешно добавлена.
﻿﻿﻿Thu, 11 Jun 2015 23:00:03 +0300 tkgbHfbPk4E запись успешно добавлена.
﻿﻿﻿Fri, 12 Jun 2015 00:00:03 +0300 mBh55zvSO9Y запись успешно добавлена.
﻿﻿﻿Fri, 12 Jun 2015 01:00:03 +0300 v9jowTDxH78 запись успешно добавлена.
﻿﻿﻿Fri, 12 Jun 2015 02:00:03 +0300 Wv5JXaaUI98 запись успешно добавлена.
﻿﻿﻿Fri, 12 Jun 2015 03:00:03 +0300 oifTIKLuUPs запись успешно добавлена.
﻿﻿﻿Fri, 12 Jun 2015 04:00:03 +0300 jQs-3dqM4jg запись успешно добавлена.
﻿﻿﻿Fri, 12 Jun 2015 05:00:03 +0300 8zPs0-3wOLo запись успешно добавлена.
﻿﻿﻿Fri, 12 Jun 2015 06:00:03 +0300 mVBoGZPx60Q запись успешно добавлена.
﻿﻿﻿Fri, 12 Jun 2015 07:00:03 +0300 st0haYwoqrQ запись успешно добавлена.
﻿﻿﻿Fri, 12 Jun 2015 08:00:03 +0300 _sxVJu3vj6A запись успешно добавлена.
﻿﻿﻿Fri, 12 Jun 2015 09:00:02 +0300 Все записи из списка уже добавлены

﻿﻿﻿Fri, 12 Jun 2015 10:00:02 +0300 Все записи из списка уже добавлены

﻿﻿﻿Fri, 12 Jun 2015 11:00:03 +0300 Все записи из списка уже добавлены

﻿﻿﻿Fri, 12 Jun 2015 12:01:01 +0300 Нет записей

﻿﻿﻿Fri, 12 Jun 2015 13:00:34 +0300 Все записи из списка уже добавлены

﻿﻿﻿Fri, 12 Jun 2015 14:00:03 +0300 Все записи из списка уже добавлены

﻿﻿﻿Fri, 12 Jun 2015 15:00:02 +0300 Все записи из списка уже добавлены

﻿﻿﻿Fri, 12 Jun 2015 16:00:03 +0300 Все записи из списка уже добавлены

﻿﻿﻿Fri, 12 Jun 2015 17:00:03 +0300 Все записи из списка уже добавлены

﻿﻿﻿Fri, 12 Jun 2015 18:00:02 +0300 Все записи из списка уже добавлены

﻿﻿﻿Fri, 12 Jun 2015 19:00:02 +0300 Все записи из списка уже добавлены

﻿﻿﻿Fri, 12 Jun 2015 20:00:02 +0300 Все записи из списка уже добавлены

﻿﻿﻿Fri, 12 Jun 2015 21:00:02 +0300 Все записи из списка уже добавлены

﻿﻿﻿Fri, 12 Jun 2015 22:00:02 +0300 Все записи из списка уже добавлены

﻿﻿﻿Fri, 12 Jun 2015 23:00:02 +0300 Все записи из списка уже добавлены

﻿﻿﻿Sat, 13 Jun 2015 00:00:03 +0300 Все записи из списка уже добавлены

﻿﻿﻿Sat, 13 Jun 2015 01:00:02 +0300 Все записи из списка уже добавлены

﻿﻿﻿Sat, 13 Jun 2015 02:00:02 +0300 Все записи из списка уже добавлены

﻿﻿﻿Sat, 13 Jun 2015 03:00:02 +0300 Все записи из списка уже добавлены

﻿﻿﻿Sat, 13 Jun 2015 04:00:02 +0300 Все записи из списка уже добавлены

﻿﻿﻿Sat, 13 Jun 2015 05:00:02 +0300 Все записи из списка уже добавлены

﻿﻿﻿Sat, 13 Jun 2015 06:00:02 +0300 Все записи из списка уже добавлены

﻿﻿﻿Sat, 13 Jun 2015 07:00:02 +0300 Все записи из списка уже добавлены

﻿﻿﻿Sat, 13 Jun 2015 08:00:02 +0300 Все записи из списка уже добавлены

﻿﻿﻿Sat, 13 Jun 2015 09:00:03 +0300 Все записи из списка уже добавлены

﻿﻿﻿Sat, 13 Jun 2015 10:00:02 +0300 Все записи из списка уже добавлены

﻿﻿﻿Sat, 13 Jun 2015 11:00:02 +0300 Все записи из списка уже добавлены

﻿﻿﻿Sat, 13 Jun 2015 12:00:02 +0300 Все записи из списка уже добавлены

﻿﻿﻿Sat, 13 Jun 2015 13:00:02 +0300 Все записи из списка уже добавлены

﻿﻿﻿Sat, 13 Jun 2015 14:00:02 +0300 Все записи из списка уже добавлены

﻿﻿﻿Sat, 13 Jun 2015 15:00:02 +0300 Все записи из списка уже добавлены

﻿﻿﻿Sat, 13 Jun 2015 16:00:03 +0300 Все записи из списка уже добавлены

﻿﻿﻿Sat, 13 Jun 2015 17:00:03 +0300 Все записи из списка уже добавлены

﻿﻿﻿Sat, 13 Jun 2015 18:00:02 +0300 Все записи из списка уже добавлены

﻿﻿﻿Sat, 13 Jun 2015 19:00:03 +0300 pi431-ZbgTg запись успешно добавлена.
﻿﻿﻿Sat, 13 Jun 2015 20:00:03 +0300 6l3nlbF3YTg запись успешно добавлена.
﻿﻿﻿Sat, 13 Jun 2015 21:00:03 +0300 DKCJRs7tuqI запись успешно добавлена.
﻿﻿﻿Sat, 13 Jun 2015 22:00:04 +0300 zlvWkDE8PZw запись успешно добавлена.
﻿﻿﻿Sat, 13 Jun 2015 23:00:03 +0300 VLVEDnduxTM запись успешно добавлена.
﻿﻿﻿Sun, 14 Jun 2015 00:00:03 +0300 dqPs1433aJU запись успешно добавлена.
﻿﻿﻿Sun, 14 Jun 2015 01:00:02 +0300 2jErb6-N2uQ запись успешно добавлена.
﻿﻿﻿Sun, 14 Jun 2015 02:00:03 +0300 XAI0-MWpX_A запись успешно добавлена.
﻿﻿﻿Sun, 14 Jun 2015 03:00:04 +0300 VlM7xTsCWew запись успешно добавлена.
﻿﻿﻿Sun, 14 Jun 2015 04:00:03 +0300 gyYp_7o0J0k запись успешно добавлена.
﻿﻿﻿Sun, 14 Jun 2015 05:00:03 +0300 ezNmxXYDWbg запись успешно добавлена.
﻿﻿﻿Sun, 14 Jun 2015 06:00:03 +0300 yP53T9q5fsY запись успешно добавлена.
﻿﻿﻿Sun, 14 Jun 2015 07:00:03 +0300 DQVhsGDxy4U запись успешно добавлена.
﻿﻿﻿Sun, 14 Jun 2015 08:00:02 +0300 Все записи из списка уже добавлены

﻿﻿﻿Sun, 14 Jun 2015 09:00:02 +0300 Все записи из списка уже добавлены

﻿﻿﻿Sun, 14 Jun 2015 10:00:02 +0300 Все записи из списка уже добавлены

﻿﻿﻿Sun, 14 Jun 2015 11:00:02 +0300 Все записи из списка уже добавлены

﻿﻿﻿Sun, 14 Jun 2015 12:00:01 +0300 Все записи из списка уже добавлены

﻿﻿﻿Sun, 14 Jun 2015 13:00:02 +0300 Все записи из списка уже добавлены

﻿﻿﻿Sun, 14 Jun 2015 14:00:02 +0300 Все записи из списка уже добавлены

﻿﻿﻿Sun, 14 Jun 2015 15:00:03 +0300 Все записи из списка уже добавлены

﻿﻿﻿Sun, 14 Jun 2015 16:00:02 +0300 Все записи из списка уже добавлены

﻿﻿﻿Sun, 14 Jun 2015 17:00:02 +0300 Все записи из списка уже добавлены

﻿﻿﻿Sun, 14 Jun 2015 18:00:02 +0300 Все записи из списка уже добавлены

﻿﻿﻿Sun, 14 Jun 2015 19:00:03 +0300 fxFImZzqIhw запись успешно добавлена.
﻿﻿﻿Sun, 14 Jun 2015 20:00:03 +0300 Txd4eQ14wxs запись успешно добавлена.
﻿﻿﻿Sun, 14 Jun 2015 21:00:03 +0300 s2I5HTQGnVk запись успешно добавлена.
﻿﻿﻿Sun, 14 Jun 2015 22:00:03 +0300 DTfPnv7OXCE запись успешно добавлена.
﻿﻿﻿Sun, 14 Jun 2015 23:00:04 +0300 21qV3ufDZQU запись успешно добавлена.
﻿﻿﻿Mon, 15 Jun 2015 00:00:03 +0300 GPg5ItHZDGQ запись успешно добавлена.
﻿﻿﻿Mon, 15 Jun 2015 01:00:03 +0300 obEhmGLsH8w запись успешно добавлена.
﻿﻿﻿Mon, 15 Jun 2015 02:00:03 +0300 gvBWv53QQyM запись успешно добавлена.
﻿﻿﻿Mon, 15 Jun 2015 03:00:03 +0300 pabAy0xBNmM запись успешно добавлена.
﻿﻿﻿Mon, 15 Jun 2015 04:00:03 +0300 Cqw9XeYKcGg запись успешно добавлена.
﻿﻿﻿Mon, 15 Jun 2015 05:00:03 +0300 ANewUfT15z0 запись успешно добавлена.
﻿﻿﻿Mon, 15 Jun 2015 06:00:02 +0300 R996ECuoaKk запись успешно добавлена.
﻿﻿﻿Mon, 15 Jun 2015 07:00:03 +0300 ZNT-UqbgEIo запись успешно добавлена.
﻿﻿﻿Mon, 15 Jun 2015 08:00:03 +0300 FMfnrG5AU-o запись успешно добавлена.
﻿﻿﻿Mon, 15 Jun 2015 09:00:02 +0300 Все записи из списка уже добавлены

﻿﻿﻿Mon, 15 Jun 2015 10:00:02 +0300 Все записи из списка уже добавлены

﻿﻿﻿Mon, 15 Jun 2015 11:00:02 +0300 Все записи из списка уже добавлены

﻿﻿﻿Mon, 15 Jun 2015 12:00:01 +0300 Все записи из списка уже добавлены

﻿﻿﻿Mon, 15 Jun 2015 13:00:02 +0300 Все записи из списка уже добавлены

﻿﻿﻿Mon, 15 Jun 2015 14:00:02 +0300 Все записи из списка уже добавлены

﻿﻿﻿Mon, 15 Jun 2015 15:00:02 +0300 Все записи из списка уже добавлены

﻿﻿﻿Mon, 15 Jun 2015 16:00:02 +0300 Все записи из списка уже добавлены

﻿﻿﻿Mon, 15 Jun 2015 17:00:02 +0300 Все записи из списка уже добавлены

﻿﻿﻿Mon, 15 Jun 2015 18:00:02 +0300 Все записи из списка уже добавлены

﻿﻿﻿Mon, 15 Jun 2015 19:00:02 +0300 Все записи из списка уже добавлены

﻿﻿﻿Mon, 15 Jun 2015 20:00:04 +0300 LTjUb3w8Q0o запись успешно добавлена.
﻿﻿﻿Mon, 15 Jun 2015 21:00:04 +0300 ChxPKwuRNrY запись успешно добавлена.
﻿﻿﻿Mon, 15 Jun 2015 22:00:03 +0300 1poQ2ZJZkRM запись успешно добавлена.
﻿﻿﻿Mon, 15 Jun 2015 23:00:03 +0300 DPmSJHtxCus запись успешно добавлена.
﻿﻿﻿Tue, 16 Jun 2015 00:00:03 +0300 wktTE51NHrY запись успешно добавлена.
﻿﻿﻿Tue, 16 Jun 2015 01:00:03 +0300 13Bp37H0_3k запись успешно добавлена.
﻿﻿﻿Tue, 16 Jun 2015 02:00:04 +0300 aruVhcTZaoo запись успешно добавлена.
﻿﻿﻿Tue, 16 Jun 2015 03:00:04 +0300 zE5Lg--iJYk запись успешно добавлена.
﻿﻿﻿Tue, 16 Jun 2015 04:00:02 +0300 avOo0QkLA7c запись успешно добавлена.
﻿﻿﻿Tue, 16 Jun 2015 05:00:03 +0300 Все записи из списка уже добавлены

﻿﻿﻿Tue, 16 Jun 2015 06:00:03 +0300 Все записи из списка уже добавлены

﻿﻿﻿Tue, 16 Jun 2015 07:00:03 +0300 Все записи из списка уже добавлены

﻿﻿﻿Tue, 16 Jun 2015 08:00:03 +0300 xVaWl1GtDHU запись успешно добавлена.
﻿﻿﻿Tue, 16 Jun 2015 09:00:03 +0300 yf9n6NfJkjs запись успешно добавлена.
﻿﻿﻿Tue, 16 Jun 2015 10:00:02 +0300 OzV1GlDDlv8 запись успешно добавлена.
﻿﻿﻿Tue, 16 Jun 2015 11:00:02 +0300 Все записи из списка уже добавлены

﻿﻿﻿Tue, 16 Jun 2015 12:00:03 +0300 Все записи из списка уже добавлены

﻿﻿﻿Tue, 16 Jun 2015 13:00:02 +0300 Все записи из списка уже добавлены

﻿﻿﻿Tue, 16 Jun 2015 14:00:03 +0300 Все записи из списка уже добавлены

﻿﻿﻿Tue, 16 Jun 2015 15:00:02 +0300 Все записи из списка уже добавлены

﻿﻿﻿Tue, 16 Jun 2015 16:00:02 +0300 Все записи из списка уже добавлены

﻿﻿﻿Tue, 16 Jun 2015 17:00:02 +0300 Все записи из списка уже добавлены

﻿﻿﻿Tue, 16 Jun 2015 18:00:03 +0300 Все записи из списка уже добавлены

﻿﻿﻿Tue, 16 Jun 2015 19:00:02 +0300 Все записи из списка уже добавлены

﻿﻿﻿Tue, 16 Jun 2015 20:00:02 +0300 Все записи из списка уже добавлены

﻿﻿﻿Tue, 16 Jun 2015 21:00:03 +0300 Все записи из списка уже добавлены

﻿﻿﻿Tue, 16 Jun 2015 22:00:03 +0300 Все записи из списка уже добавлены

﻿﻿﻿Tue, 16 Jun 2015 23:00:02 +0300 Все записи из списка уже добавлены

﻿﻿﻿Wed, 17 Jun 2015 00:00:02 +0300 Все записи из списка уже добавлены

﻿﻿﻿Wed, 17 Jun 2015 01:00:02 +0300 Все записи из списка уже добавлены

﻿﻿﻿Wed, 17 Jun 2015 02:00:02 +0300 Все записи из списка уже добавлены

﻿﻿﻿Wed, 17 Jun 2015 03:00:02 +0300 Все записи из списка уже добавлены

﻿﻿﻿Wed, 17 Jun 2015 04:00:03 +0300 TMCG4Iw_s-I запись успешно добавлена.
﻿﻿﻿Wed, 17 Jun 2015 05:00:03 +0300 F-fMRAWNZ4w запись успешно добавлена.
﻿﻿﻿Wed, 17 Jun 2015 06:00:03 +0300 RiFZ91F8xrw запись успешно добавлена.
﻿﻿﻿Wed, 17 Jun 2015 07:00:03 +0300 IBpQUO1pWqI запись успешно добавлена.
﻿﻿﻿Wed, 17 Jun 2015 08:00:02 +0300 lBJ3X5nbA3A запись успешно добавлена.
﻿﻿﻿Wed, 17 Jun 2015 09:00:03 +0300 zwO14HJZ72g запись успешно добавлена.
﻿﻿﻿Wed, 17 Jun 2015 10:00:03 +0300 mu_XEBJu4j8 запись успешно добавлена.
﻿﻿﻿Wed, 17 Jun 2015 11:00:03 +0300 LV8EB4E__BI запись успешно добавлена.
﻿﻿﻿Wed, 17 Jun 2015 12:00:03 +0300 CroZDOVZEIU запись успешно добавлена.
﻿﻿﻿Wed, 17 Jun 2015 13:00:03 +0300 KNKPeLeNfAI запись успешно добавлена.
﻿﻿﻿Wed, 17 Jun 2015 14:00:02 +0300 Все записи из списка уже добавлены

﻿﻿﻿Wed, 17 Jun 2015 15:00:02 +0300 Все записи из списка уже добавлены

﻿﻿﻿Wed, 17 Jun 2015 16:00:02 +0300 Все записи из списка уже добавлены

﻿﻿﻿Wed, 17 Jun 2015 17:00:03 +0300 Все записи из списка уже добавлены

﻿﻿﻿Wed, 17 Jun 2015 18:00:02 +0300 Все записи из списка уже добавлены

﻿﻿﻿Wed, 17 Jun 2015 21:00:02 +0500 Все записи из списка уже добавлены

﻿﻿﻿Wed, 17 Jun 2015 22:00:03 +0500 SSv3HyXPb8E запись успешно добавлена.
﻿﻿﻿Wed, 17 Jun 2015 23:00:04 +0500 f3knBt21Bk4 запись успешно добавлена.
﻿﻿﻿Thu, 18 Jun 2015 00:00:03 +0500 jCudg3I76Oc запись успешно добавлена.
﻿﻿﻿Thu, 18 Jun 2015 01:00:03 +0500 XnQx8Y50SdM запись успешно добавлена.
﻿﻿﻿Thu, 18 Jun 2015 02:00:04 +0500 KxP-1XyqeH8 запись успешно добавлена.
﻿﻿﻿Thu, 18 Jun 2015 03:00:02 +0500 RaDV1HIgA4g запись успешно добавлена.
﻿﻿﻿Thu, 18 Jun 2015 04:00:04 +0500 cIYUX9_RtxQ запись успешно добавлена.
﻿﻿﻿Thu, 18 Jun 2015 05:00:03 +0500 Chqr0UETglw запись успешно добавлена.
﻿﻿﻿Thu, 18 Jun 2015 06:00:03 +0500 tw1PnmoCGS8 запись успешно добавлена.
﻿﻿﻿Thu, 18 Jun 2015 07:00:02 +0500 Все записи из списка уже добавлены

﻿﻿﻿Thu, 18 Jun 2015 08:00:03 +0500 Все записи из списка уже добавлены

﻿﻿﻿Thu, 18 Jun 2015 09:00:02 +0500 Все записи из списка уже добавлены

﻿﻿﻿Thu, 18 Jun 2015 10:00:03 +0500 GMyzGi8Dk-U запись успешно добавлена.
﻿﻿﻿Thu, 18 Jun 2015 11:00:03 +0500 PoPQh56QLS4 запись успешно добавлена.
﻿﻿﻿Thu, 18 Jun 2015 12:00:03 +0500 wVpewE8Ddmg запись успешно добавлена.
﻿﻿﻿Thu, 18 Jun 2015 13:00:02 +0500 Все записи из списка уже добавлены

﻿﻿﻿Thu, 18 Jun 2015 14:00:02 +0500 Все записи из списка уже добавлены

﻿﻿﻿Thu, 18 Jun 2015 15:00:02 +0500 Все записи из списка уже добавлены

﻿﻿﻿Thu, 18 Jun 2015 16:00:03 +0500 Все записи из списка уже добавлены

﻿﻿﻿Thu, 18 Jun 2015 17:00:02 +0500 Все записи из списка уже добавлены

﻿﻿﻿Thu, 18 Jun 2015 18:00:02 +0500 Все записи из списка уже добавлены

﻿﻿﻿Thu, 18 Jun 2015 19:00:02 +0500 Все записи из списка уже добавлены

﻿﻿﻿Thu, 18 Jun 2015 20:00:02 +0500 Все записи из списка уже добавлены

﻿﻿﻿Thu, 18 Jun 2015 21:00:03 +0500 Все записи из списка уже добавлены

﻿﻿﻿Thu, 18 Jun 2015 22:00:03 +0500 7ekq8U01WlU запись успешно добавлена.
﻿﻿﻿Thu, 18 Jun 2015 23:00:03 +0500 2Su1lrBUuhk запись успешно добавлена.
﻿﻿﻿Fri, 19 Jun 2015 00:00:03 +0500 e0qv6VixZpI запись успешно добавлена.
﻿﻿﻿Fri, 19 Jun 2015 01:00:04 +0500 _a9z7VfXptc запись успешно добавлена.
﻿﻿﻿Fri, 19 Jun 2015 02:00:03 +0500 awEEUh8F5gk запись успешно добавлена.
﻿﻿﻿Fri, 19 Jun 2015 03:00:03 +0500 VOoNASXEHpY запись успешно добавлена.
﻿﻿﻿Fri, 19 Jun 2015 04:00:04 +0500 M1hWB129PjU запись успешно добавлена.
﻿﻿﻿Fri, 19 Jun 2015 05:00:04 +0500 48RZ0CgvUsU запись успешно добавлена.
﻿﻿﻿Fri, 19 Jun 2015 06:00:04 +0500 NvDu24eQj-k запись успешно добавлена.
﻿﻿﻿Fri, 19 Jun 2015 07:00:04 +0500 psDt5sEXyIs запись успешно добавлена.
﻿﻿﻿Fri, 19 Jun 2015 08:00:02 +0500 Все записи из списка уже добавлены

﻿﻿﻿Fri, 19 Jun 2015 09:00:02 +0500 Все записи из списка уже добавлены

﻿﻿﻿Fri, 19 Jun 2015 10:00:03 +0500 wgdbZhnFD5g запись успешно добавлена.
﻿﻿﻿Fri, 19 Jun 2015 11:00:02 +0500 PkCYe_-gVGY запись успешно добавлена.
﻿﻿﻿Fri, 19 Jun 2015 12:00:03 +0500 Все записи из списка уже добавлены

﻿﻿﻿Fri, 19 Jun 2015 13:00:02 +0500 Все записи из списка уже добавлены

﻿﻿﻿Fri, 19 Jun 2015 14:00:03 +0500 Все записи из списка уже добавлены

﻿﻿﻿Fri, 19 Jun 2015 15:00:02 +0500 Все записи из списка уже добавлены

﻿﻿﻿Fri, 19 Jun 2015 16:00:03 +0500 Все записи из списка уже добавлены

﻿﻿﻿Fri, 19 Jun 2015 17:00:02 +0500 Все записи из списка уже добавлены

﻿﻿﻿Fri, 19 Jun 2015 18:00:06 +0500 Нет записей

﻿﻿﻿Fri, 19 Jun 2015 19:00:02 +0500 Все записи из списка уже добавлены

﻿﻿﻿Fri, 19 Jun 2015 20:00:03 +0500 Все записи из списка уже добавлены

﻿﻿﻿Fri, 19 Jun 2015 21:00:03 +0500 Все записи из списка уже добавлены

﻿﻿﻿Fri, 19 Jun 2015 22:00:02 +0500 Все записи из списка уже добавлены

﻿﻿﻿Fri, 19 Jun 2015 23:00:02 +0500 Все записи из списка уже добавлены

﻿﻿﻿Sat, 20 Jun 2015 00:00:03 +0500 Все записи из списка уже добавлены

﻿﻿﻿Sat, 20 Jun 2015 01:00:02 +0500 Все записи из списка уже добавлены

﻿﻿﻿Sat, 20 Jun 2015 02:00:02 +0500 Все записи из списка уже добавлены

﻿﻿﻿Sat, 20 Jun 2015 03:00:03 +0500 Все записи из списка уже добавлены

﻿﻿﻿Sat, 20 Jun 2015 04:00:02 +0500 Все записи из списка уже добавлены

﻿﻿﻿Sat, 20 Jun 2015 05:00:02 +0500 Все записи из списка уже добавлены

﻿﻿﻿Sat, 20 Jun 2015 06:00:03 +0500 w81g199L8YA запись успешно добавлена.
﻿﻿﻿Sat, 20 Jun 2015 07:00:03 +0500 qVHmkgLC9cA запись успешно добавлена.
﻿﻿﻿Sat, 20 Jun 2015 08:00:04 +0500 9xb-mQtsArU запись успешно добавлена.
﻿﻿﻿Sat, 20 Jun 2015 09:00:03 +0500 28r1cms6Z_g запись успешно добавлена.
﻿﻿﻿Sat, 20 Jun 2015 10:00:04 +0500 qBx7F8ucMCE запись успешно добавлена.
﻿﻿﻿Sat, 20 Jun 2015 11:00:03 +0500 uKGE8hP7XgU запись успешно добавлена.
﻿﻿﻿Sat, 20 Jun 2015 12:00:04 +0500 KUOhpQDDME4 запись успешно добавлена.
﻿﻿﻿Sat, 20 Jun 2015 13:00:03 +0500 MXCHjJ5Mh6w запись успешно добавлена.
﻿﻿﻿Sat, 20 Jun 2015 14:00:03 +0500 icafQSP9rQU запись успешно добавлена.
﻿﻿﻿Sat, 20 Jun 2015 15:00:03 +0500 taWbhkWD5v8 запись успешно добавлена.
﻿﻿﻿Sat, 20 Jun 2015 16:00:02 +0500 Все записи из списка уже добавлены

﻿﻿﻿Sat, 20 Jun 2015 17:00:02 +0500 Все записи из списка уже добавлены

﻿﻿﻿Sat, 20 Jun 2015 18:00:02 +0500 Все записи из списка уже добавлены

﻿﻿﻿Sat, 20 Jun 2015 19:00:02 +0500 Все записи из списка уже добавлены

﻿﻿﻿Sat, 20 Jun 2015 20:00:02 +0500 Все записи из списка уже добавлены

﻿﻿﻿Sat, 20 Jun 2015 21:00:02 +0500 Все записи из списка уже добавлены

﻿﻿﻿Sat, 20 Jun 2015 22:00:02 +0500 Все записи из списка уже добавлены

﻿﻿﻿Sat, 20 Jun 2015 23:00:02 +0500 Все записи из списка уже добавлены

﻿﻿﻿Sun, 21 Jun 2015 00:00:02 +0500 Все записи из списка уже добавлены

﻿﻿﻿Sun, 21 Jun 2015 01:00:03 +0500 Все записи из списка уже добавлены

﻿﻿﻿Sun, 21 Jun 2015 02:00:02 +0500 Все записи из списка уже добавлены

﻿﻿﻿Sun, 21 Jun 2015 03:00:03 +0500 Все записи из списка уже добавлены

﻿﻿﻿Sun, 21 Jun 2015 04:00:03 +0500 Все записи из списка уже добавлены

﻿﻿﻿Sun, 21 Jun 2015 05:00:02 +0500 Все записи из списка уже добавлены

﻿﻿﻿Sun, 21 Jun 2015 06:00:03 +0500 Все записи из списка уже добавлены

﻿﻿﻿Sun, 21 Jun 2015 07:00:02 +0500 Все записи из списка уже добавлены

﻿﻿﻿Sun, 21 Jun 2015 08:00:03 +0500 Все записи из списка уже добавлены

﻿﻿﻿Sun, 21 Jun 2015 09:00:02 +0500 Все записи из списка уже добавлены

﻿﻿﻿Sun, 21 Jun 2015 10:00:03 +0500 Все записи из списка уже добавлены

﻿﻿﻿Sun, 21 Jun 2015 11:00:02 +0500 Все записи из списка уже добавлены

﻿﻿﻿Sun, 21 Jun 2015 12:00:02 +0500 Все записи из списка уже добавлены

﻿﻿﻿Sun, 21 Jun 2015 13:00:02 +0500 Все записи из списка уже добавлены

﻿﻿﻿Sun, 21 Jun 2015 14:00:02 +0500 Все записи из списка уже добавлены

﻿﻿﻿Sun, 21 Jun 2015 15:00:02 +0500 Все записи из списка уже добавлены

﻿﻿﻿Sun, 21 Jun 2015 16:00:02 +0500 Все записи из списка уже добавлены

﻿﻿﻿Sun, 21 Jun 2015 17:00:02 +0500 Все записи из списка уже добавлены

﻿﻿﻿Sun, 21 Jun 2015 18:00:02 +0500 Все записи из списка уже добавлены

﻿﻿﻿Sun, 21 Jun 2015 19:00:02 +0500 Все записи из списка уже добавлены

﻿﻿﻿Sun, 21 Jun 2015 20:00:03 +0500 Все записи из списка уже добавлены

﻿﻿﻿Sun, 21 Jun 2015 21:00:02 +0500 Все записи из списка уже добавлены

﻿﻿﻿Sun, 21 Jun 2015 22:00:02 +0500 Все записи из списка уже добавлены

﻿﻿﻿Sun, 21 Jun 2015 23:00:02 +0500 Все записи из списка уже добавлены

﻿﻿﻿Mon, 22 Jun 2015 00:00:03 +0500 Все записи из списка уже добавлены

﻿﻿﻿Mon, 22 Jun 2015 01:00:02 +0500 Все записи из списка уже добавлены

﻿﻿﻿Mon, 22 Jun 2015 02:00:02 +0500 Все записи из списка уже добавлены

﻿﻿﻿Mon, 22 Jun 2015 03:00:02 +0500 Все записи из списка уже добавлены

﻿﻿﻿Mon, 22 Jun 2015 04:00:02 +0500 Все записи из списка уже добавлены

﻿﻿﻿Mon, 22 Jun 2015 05:00:02 +0500 Все записи из списка уже добавлены

﻿﻿﻿Mon, 22 Jun 2015 06:00:03 +0500 Все записи из списка уже добавлены

﻿﻿﻿Mon, 22 Jun 2015 07:00:03 +0500 Все записи из списка уже добавлены

﻿﻿﻿Mon, 22 Jun 2015 08:00:02 +0500 Все записи из списка уже добавлены

﻿﻿﻿Mon, 22 Jun 2015 09:00:02 +0500 Все записи из списка уже добавлены

﻿﻿﻿Mon, 22 Jun 2015 10:00:02 +0500 Все записи из списка уже добавлены

﻿﻿﻿Mon, 22 Jun 2015 11:00:03 +0500 Все записи из списка уже добавлены

﻿﻿﻿Mon, 22 Jun 2015 12:00:02 +0500 Все записи из списка уже добавлены

﻿﻿﻿Mon, 22 Jun 2015 13:00:02 +0500 Все записи из списка уже добавлены

﻿﻿﻿Mon, 22 Jun 2015 14:00:03 +0500 Все записи из списка уже добавлены

﻿﻿﻿Mon, 22 Jun 2015 15:00:02 +0500 Все записи из списка уже добавлены

﻿﻿﻿Mon, 22 Jun 2015 16:00:02 +0500 Все записи из списка уже добавлены

﻿﻿﻿Mon, 22 Jun 2015 17:00:02 +0500 Все записи из списка уже добавлены

﻿﻿﻿Mon, 22 Jun 2015 18:00:02 +0500 Все записи из списка уже добавлены

﻿﻿﻿Mon, 22 Jun 2015 19:00:02 +0500 Все записи из списка уже добавлены

﻿﻿﻿Mon, 22 Jun 2015 20:00:02 +0500 Все записи из списка уже добавлены

﻿﻿﻿Mon, 22 Jun 2015 21:00:03 +0500 Все записи из списка уже добавлены

﻿﻿﻿Mon, 22 Jun 2015 22:00:03 +0500 082ufQRBj1M запись успешно добавлена.
﻿﻿﻿Mon, 22 Jun 2015 23:00:03 +0500 EPxfIhwOL58 запись успешно добавлена.
﻿﻿﻿Tue, 23 Jun 2015 00:00:03 +0500 aUYALTNh3aU запись успешно добавлена.
﻿﻿﻿Tue, 23 Jun 2015 01:00:04 +0500 jPQvb0OOnWE запись успешно добавлена.
﻿﻿﻿Tue, 23 Jun 2015 02:00:03 +0500 8J-PZ0u58Fc запись успешно добавлена.
﻿﻿﻿Tue, 23 Jun 2015 03:00:03 +0500 FQHByQRHl1o запись успешно добавлена.
﻿﻿﻿Tue, 23 Jun 2015 04:00:04 +0500 lFAsFT3p6Ig запись успешно добавлена.
﻿﻿﻿Tue, 23 Jun 2015 05:00:04 +0500 Zzk1MPa0wlI запись успешно добавлена.
﻿﻿﻿Tue, 23 Jun 2015 06:00:04 +0500 5eyaBocAlPg запись успешно добавлена.
﻿﻿﻿Tue, 23 Jun 2015 07:00:03 +0500 Wkbsoxzfssk запись успешно добавлена.
﻿﻿﻿Tue, 23 Jun 2015 08:00:02 +0500 vFsK_9S7dv8 запись успешно добавлена.
﻿﻿﻿Tue, 23 Jun 2015 09:00:03 +0500 tLjv4S9VUHo запись успешно добавлена.
﻿﻿﻿Tue, 23 Jun 2015 10:00:03 +0500 xUGXc26kbA4 запись успешно добавлена.
﻿﻿﻿Tue, 23 Jun 2015 11:00:03 +0500 KyoL2darBbU запись успешно добавлена.
﻿﻿﻿Tue, 23 Jun 2015 12:00:02 +0500 3xPols0SrFU запись успешно добавлена.
﻿﻿﻿Tue, 23 Jun 2015 13:00:03 +0500 g4me4KEJpw4 запись успешно добавлена.
﻿﻿﻿Tue, 23 Jun 2015 14:00:02 +0500 Все записи из списка уже добавлены

﻿﻿﻿Tue, 23 Jun 2015 15:00:02 +0500 Все записи из списка уже добавлены

﻿﻿﻿Tue, 23 Jun 2015 16:00:02 +0500 Все записи из списка уже добавлены

﻿﻿﻿Tue, 23 Jun 2015 17:00:02 +0500 Все записи из списка уже добавлены

﻿﻿﻿Tue, 23 Jun 2015 18:00:02 +0500 Все записи из списка уже добавлены

﻿﻿﻿Tue, 23 Jun 2015 19:00:02 +0500 Все записи из списка уже добавлены

﻿﻿﻿Tue, 23 Jun 2015 20:00:03 +0500 Все записи из списка уже добавлены

﻿﻿﻿Tue, 23 Jun 2015 21:00:03 +0500 igT4Gij8QGQ запись успешно добавлена.
﻿﻿﻿Tue, 23 Jun 2015 22:00:03 +0500 J_8mdH20qTQ запись успешно добавлена.
﻿﻿﻿Tue, 23 Jun 2015 23:00:03 +0500 HXt0NDzZvdU запись успешно добавлена.
﻿﻿﻿Wed, 24 Jun 2015 00:00:04 +0500 xu4IUk9toOY запись успешно добавлена.
﻿﻿﻿Wed, 24 Jun 2015 01:00:03 +0500 xnTngrKqRKI запись успешно добавлена.
﻿﻿﻿Wed, 24 Jun 2015 02:00:03 +0500 4XZHy73JOGc запись успешно добавлена.
﻿﻿﻿Wed, 24 Jun 2015 03:00:03 +0500 iupD-R5jRXE запись успешно добавлена.
﻿﻿﻿Wed, 24 Jun 2015 04:00:03 +0500 p4P35XZW6YA запись успешно добавлена.
﻿﻿﻿Wed, 24 Jun 2015 05:00:03 +0500 Все записи из списка уже добавлены

﻿﻿﻿Wed, 24 Jun 2015 06:00:02 +0500 Все записи из списка уже добавлены

﻿﻿﻿Wed, 24 Jun 2015 07:00:02 +0500 Все записи из списка уже добавлены

﻿﻿﻿Wed, 24 Jun 2015 08:00:02 +0500 Все записи из списка уже добавлены

﻿﻿﻿Wed, 24 Jun 2015 09:00:02 +0500 Все записи из списка уже добавлены

﻿﻿﻿Wed, 24 Jun 2015 10:00:03 +0500 Все записи из списка уже добавлены

﻿﻿﻿Wed, 24 Jun 2015 11:00:03 +0500 8MzQJcGYPuA запись успешно добавлена.
﻿﻿﻿Wed, 24 Jun 2015 12:00:03 +0500 AhLj1Li2qzo запись успешно добавлена.
﻿﻿﻿Wed, 24 Jun 2015 13:00:03 +0500 e7-uh2Bb0pM запись успешно добавлена.
﻿﻿﻿Wed, 24 Jun 2015 14:00:02 +0500 Все записи из списка уже добавлены

﻿﻿﻿Wed, 24 Jun 2015 15:00:02 +0500 Все записи из списка уже добавлены

﻿﻿﻿Wed, 24 Jun 2015 16:00:02 +0500 Все записи из списка уже добавлены

﻿﻿﻿Wed, 24 Jun 2015 17:00:02 +0500 Все записи из списка уже добавлены

﻿﻿﻿Wed, 24 Jun 2015 18:00:03 +0500 Все записи из списка уже добавлены

﻿﻿﻿Wed, 24 Jun 2015 19:00:02 +0500 Все записи из списка уже добавлены

﻿﻿﻿Wed, 24 Jun 2015 20:00:02 +0500 Все записи из списка уже добавлены

﻿﻿﻿Wed, 24 Jun 2015 21:00:03 +0500 kI7KxxmrjXg запись успешно добавлена.
﻿﻿﻿Wed, 24 Jun 2015 22:00:03 +0500 arTlGiAeDxE запись успешно добавлена.
﻿﻿﻿Wed, 24 Jun 2015 23:00:04 +0500 D4i6SsF7ojk запись успешно добавлена.
﻿﻿﻿Thu, 25 Jun 2015 00:00:04 +0500 RpwgXGhDXLE запись успешно добавлена.
﻿﻿﻿Thu, 25 Jun 2015 01:00:03 +0500 TcbCbeLBvrE запись успешно добавлена.
﻿﻿﻿Thu, 25 Jun 2015 02:00:03 +0500 wyNYx26jKfk запись успешно добавлена.
﻿﻿﻿Thu, 25 Jun 2015 03:00:03 +0500 _i9SPJLxRr4 запись успешно добавлена.
﻿﻿﻿Thu, 25 Jun 2015 04:00:03 +0500 7XW5wpcZY_8 запись успешно добавлена.
﻿﻿﻿Thu, 25 Jun 2015 05:00:03 +0500 Все записи из списка уже добавлены

﻿﻿﻿Thu, 25 Jun 2015 06:00:03 +0500 dz59C3MKFi4 запись успешно добавлена.
﻿﻿﻿Thu, 25 Jun 2015 07:00:02 +0500 Все записи из списка уже добавлены

﻿﻿﻿Thu, 25 Jun 2015 08:00:03 +0500 Все записи из списка уже добавлены

﻿﻿﻿Thu, 25 Jun 2015 09:00:03 +0500 nIHOtCJyln0 запись успешно добавлена.
﻿﻿﻿Thu, 25 Jun 2015 10:00:02 +0500 Все записи из списка уже добавлены

﻿﻿﻿Thu, 25 Jun 2015 11:00:03 +0500 Все записи из списка уже добавлены

﻿﻿﻿Thu, 25 Jun 2015 12:00:02 +0500 Все записи из списка уже добавлены

﻿﻿﻿Thu, 25 Jun 2015 13:00:02 +0500 Все записи из списка уже добавлены

﻿﻿﻿Thu, 25 Jun 2015 14:00:03 +0500 Все записи из списка уже добавлены

﻿﻿﻿Thu, 25 Jun 2015 15:00:02 +0500 Все записи из списка уже добавлены

﻿﻿﻿Thu, 25 Jun 2015 16:00:02 +0500 Все записи из списка уже добавлены

﻿﻿﻿Thu, 25 Jun 2015 17:00:02 +0500 Все записи из списка уже добавлены

﻿﻿﻿Thu, 25 Jun 2015 18:00:02 +0500 Все записи из списка уже добавлены

﻿﻿﻿Thu, 25 Jun 2015 19:00:02 +0500 Все записи из списка уже добавлены

﻿﻿﻿Thu, 25 Jun 2015 20:00:03 +0500 Все записи из списка уже добавлены

﻿﻿﻿Thu, 25 Jun 2015 21:00:03 +0500 N1LddaoSdyA запись успешно добавлена.
﻿﻿﻿Thu, 25 Jun 2015 22:00:04 +0500 zLGawTxckec запись успешно добавлена.
﻿﻿﻿Thu, 25 Jun 2015 23:00:03 +0500 mv3tJXpDlEM запись успешно добавлена.
﻿﻿﻿Fri, 26 Jun 2015 00:00:04 +0500 wwXvQt5fQ_4 запись успешно добавлена.
﻿﻿﻿Fri, 26 Jun 2015 01:00:04 +0500 f93emg3PARs запись успешно добавлена.
﻿﻿﻿Fri, 26 Jun 2015 02:00:03 +0500 FmAF-z4UEzQ запись успешно добавлена.
﻿﻿﻿Fri, 26 Jun 2015 03:00:03 +0500 MEQLzxJBGgE запись успешно добавлена.
﻿﻿﻿Fri, 26 Jun 2015 04:00:02 +0500 Все записи из списка уже добавлены

﻿﻿﻿Fri, 26 Jun 2015 05:00:02 +0500 Все записи из списка уже добавлены

﻿﻿﻿Fri, 26 Jun 2015 06:00:02 +0500 Все записи из списка уже добавлены

﻿﻿﻿Fri, 26 Jun 2015 07:00:03 +0500 mivjA8x9Qcc запись успешно добавлена.
﻿﻿﻿Fri, 26 Jun 2015 08:00:02 +0500 Все записи из списка уже добавлены

﻿﻿﻿Fri, 26 Jun 2015 09:00:03 +0500 plyiooIFwT8 запись успешно добавлена.
﻿﻿﻿Fri, 26 Jun 2015 10:00:02 +0500 Все записи из списка уже добавлены

﻿﻿﻿Fri, 26 Jun 2015 11:00:02 +0500 Все записи из списка уже добавлены

﻿﻿﻿Fri, 26 Jun 2015 12:00:02 +0500 Все записи из списка уже добавлены

﻿﻿﻿Fri, 26 Jun 2015 13:00:03 +0500 Все записи из списка уже добавлены

﻿﻿﻿Fri, 26 Jun 2015 14:00:03 +0500 Все записи из списка уже добавлены

